[INFO] Scanning for projects...
[INFO] Inspecting build with total of 1 modules...
[INFO] Installing Nexus Staging features:
[INFO]   ... total of 1 executions of maven-deploy-plugin replaced with nexus-staging-maven-plugin
[INFO]                                                                         
[INFO] ------------------------------------------------------------------------
[INFO] Building Java Ultimate Tools 1.3.1
[INFO] ------------------------------------------------------------------------
[INFO] 
[INFO] --- maven-clean-plugin:3.0.0:clean (default-clean) @ java-ultimate-tools ---
[INFO] Deleting C:\Programing\Repositories\JavaUltimateTools\target
[INFO] 
[INFO] --- maven-clean-plugin:3.0.0:clean (auto-clean) @ java-ultimate-tools ---
[INFO] 
[INFO] --- maven-resources-plugin:3.0.2:resources (default-resources) @ java-ultimate-tools ---
[INFO] Using 'UTF-8' encoding to copy filtered resources.
[INFO] Copying 6 resources
[INFO] 
[INFO] --- maven-compiler-plugin:3.6.1:compile (default-compile) @ java-ultimate-tools ---
[INFO] Changes detected - recompiling the module!
[INFO] Compiling 42 source files to C:\Programing\Repositories\JavaUltimateTools\target\classes
[INFO] /C:/Programing/Repositories/JavaUltimateTools/src/main/java/com/jgcomptech/tools/authenication/SessionManager.java: Some input files use unchecked or unsafe operations.
[INFO] /C:/Programing/Repositories/JavaUltimateTools/src/main/java/com/jgcomptech/tools/authenication/SessionManager.java: Recompile with -Xlint:unchecked for details.
[INFO] 
[INFO] --- maven-resources-plugin:3.0.2:testResources (default-testResources) @ java-ultimate-tools ---
[INFO] Using 'UTF-8' encoding to copy filtered resources.
[INFO] Copying 0 resource
[INFO] 
[INFO] --- maven-compiler-plugin:3.6.1:testCompile (default-testCompile) @ java-ultimate-tools ---
[INFO] Changes detected - recompiling the module!
[INFO] Compiling 2 source files to C:\Programing\Repositories\JavaUltimateTools\target\test-classes
[INFO] 
[INFO] --- maven-surefire-plugin:2.12.4:test (default-test) @ java-ultimate-tools ---
[INFO] Surefire report directory: C:\Programing\Repositories\JavaUltimateTools\target\surefire-reports

-------------------------------------------------------
 T E S T S
-------------------------------------------------------
Running com.jgcomptech.tools.tests.Tests
Tests run: 2, Failures: 0, Errors: 0, Skipped: 0, Time elapsed: 1.899 sec

Results :

Tests run: 2, Failures: 0, Errors: 0, Skipped: 0

[INFO] 
[INFO] --- maven-resources-plugin:3.0.2:copy-resources (copy-resources) @ java-ultimate-tools ---
[INFO] Using 'UTF-8' encoding to copy filtered resources.
[INFO] Copying 5 resources
[INFO] 
[INFO] --- maven-jar-plugin:3.0.2:jar (default-jar) @ java-ultimate-tools ---
[INFO] Building jar: C:\Programing\Repositories\JavaUltimateTools\target\java-ultimate-tools-1.3.1.jar
[INFO] 
[INFO] --- maven-source-plugin:3.0.1:jar-no-fork (attach-sources) @ java-ultimate-tools ---
[INFO] Building jar: C:\Programing\Repositories\JavaUltimateTools\target\java-ultimate-tools-1.3.1-sources.jar
[INFO] 
[INFO] --- maven-javadoc-plugin:2.10.4:jar (attach-javadocs) @ java-ultimate-tools ---
[INFO] 
Loading source files for package com.jgcomptech.tools.authenication...
Loading source files for package com.jgcomptech.tools...
Loading source files for package com.jgcomptech.tools.databasetools.jbdc...
Loading source files for package com.jgcomptech.tools.databasetools...
Loading source files for package com.jgcomptech.tools.demo...
Loading source files for package com.jgcomptech.tools.dialogs...
Loading source files for package com.jgcomptech.tools.enums...
Loading source files for package com.jgcomptech.tools.permissions...
Constructing Javadoc information...
Standard Doclet version 1.8.0_121
Building tree for all the packages and classes...
Generating C:\Programing\Repositories\JavaUltimateTools\target\apidocs\com\jgcomptech\tools\authenication\SessionActivator.html...
Generating C:\Programing\Repositories\JavaUltimateTools\target\apidocs\com\jgcomptech\tools\authenication\SessionManager.html...
Generating C:\Programing\Repositories\JavaUltimateTools\target\apidocs\com\jgcomptech\tools\authenication\SessionManager.UserType.html...
Generating C:\Programing\Repositories\JavaUltimateTools\target\apidocs\com\jgcomptech\tools\CommandInfo.html...
Generating C:\Programing\Repositories\JavaUltimateTools\target\apidocs\com\jgcomptech\tools\CommandInfo.Output.html...
Generating C:\Programing\Repositories\JavaUltimateTools\target\apidocs\com\jgcomptech\tools\ComputerInfo.html...
Generating C:\Programing\Repositories\JavaUltimateTools\target\apidocs\com\jgcomptech\tools\HWInfo.html...
Generating C:\Programing\Repositories\JavaUltimateTools\target\apidocs\com\jgcomptech\tools\HWInfo.BIOS.html...
Generating C:\Programing\Repositories\JavaUltimateTools\target\apidocs\com\jgcomptech\tools\HWInfo.BIOSObject.html...
Generating C:\Programing\Repositories\JavaUltimateTools\target\apidocs\com\jgcomptech\tools\HWInfo.DriveObject.html...
Generating C:\Programing\Repositories\JavaUltimateTools\target\apidocs\com\jgcomptech\tools\HWInfo.HWObject.html...
Generating C:\Programing\Repositories\JavaUltimateTools\target\apidocs\com\jgcomptech\tools\HWInfo.Network.html...
Generating C:\Programing\Repositories\JavaUltimateTools\target\apidocs\com\jgcomptech\tools\HWInfo.NetworkObject.html...
Generating C:\Programing\Repositories\JavaUltimateTools\target\apidocs\com\jgcomptech\tools\HWInfo.OEM.html...
Generating C:\Programing\Repositories\JavaUltimateTools\target\apidocs\com\jgcomptech\tools\HWInfo.Processor.html...
Generating C:\Programing\Repositories\JavaUltimateTools\target\apidocs\com\jgcomptech\tools\HWInfo.ProcessorObject.html...
Generating C:\Programing\Repositories\JavaUltimateTools\target\apidocs\com\jgcomptech\tools\HWInfo.RAM.html...
Generating C:\Programing\Repositories\JavaUltimateTools\target\apidocs\com\jgcomptech\tools\HWInfo.RAMObject.html...
Generating C:\Programing\Repositories\JavaUltimateTools\target\apidocs\com\jgcomptech\tools\HWInfo.Storage.html...
Generating C:\Programing\Repositories\JavaUltimateTools\target\apidocs\com\jgcomptech\tools\HWInfo.StorageObject.html...
Generating C:\Programing\Repositories\JavaUltimateTools\target\apidocs\com\jgcomptech\tools\Misc.html...
Generating C:\Programing\Repositories\JavaUltimateTools\target\apidocs\com\jgcomptech\tools\Misc.SecondsConverter.html...
Generating C:\Programing\Repositories\JavaUltimateTools\target\apidocs\com\jgcomptech\tools\Misc.SecondsConverter.NegativeNumberException.html...
Generating C:\Programing\Repositories\JavaUltimateTools\target\apidocs\com\jgcomptech\tools\NativeMethods.html...
Generating C:\Programing\Repositories\JavaUltimateTools\target\apidocs\com\jgcomptech\tools\NativeMethods.Kernel32.html...
Generating C:\Programing\Repositories\JavaUltimateTools\target\apidocs\com\jgcomptech\tools\NativeMethods.Secur32.html...
Generating C:\Programing\Repositories\JavaUltimateTools\target\apidocs\com\jgcomptech\tools\NativeMethods.Shell32.html...
Generating C:\Programing\Repositories\JavaUltimateTools\target\apidocs\com\jgcomptech\tools\OSInfo.html...
Generating C:\Programing\Repositories\JavaUltimateTools\target\apidocs\com\jgcomptech\tools\OSInfo.Architecture.html...
Generating C:\Programing\Repositories\JavaUltimateTools\target\apidocs\com\jgcomptech\tools\OSInfo.CheckIf.html...
Generating C:\Programing\Repositories\JavaUltimateTools\target\apidocs\com\jgcomptech\tools\OSInfo.InstallInfoObject.html...
Generating C:\Programing\Repositories\JavaUltimateTools\target\apidocs\com\jgcomptech\tools\OSInfo.Name.html...
Generating C:\Programing\Repositories\JavaUltimateTools\target\apidocs\com\jgcomptech\tools\OSInfo.OSObject.html...
Generating C:\Programing\Repositories\JavaUltimateTools\target\apidocs\com\jgcomptech\tools\OSInfo.VersionObject.html...
Generating C:\Programing\Repositories\JavaUltimateTools\target\apidocs\com\jgcomptech\tools\OSInfo.Windows.html...
Generating C:\Programing\Repositories\JavaUltimateTools\target\apidocs\com\jgcomptech\tools\OSInfo.Windows.Activation.html...
Generating C:\Programing\Repositories\JavaUltimateTools\target\apidocs\com\jgcomptech\tools\OSInfo.Windows.Activation.Status.html...
Generating C:\Programing\Repositories\JavaUltimateTools\target\apidocs\com\jgcomptech\tools\OSInfo.Windows.CheckIf.html...
Generating C:\Programing\Repositories\JavaUltimateTools\target\apidocs\com\jgcomptech\tools\OSInfo.Windows.Edition.html...
Generating C:\Programing\Repositories\JavaUltimateTools\target\apidocs\com\jgcomptech\tools\OSInfo.Windows.Name.html...
Generating C:\Programing\Repositories\JavaUltimateTools\target\apidocs\com\jgcomptech\tools\OSInfo.Windows.ServicePack.html...
Generating C:\Programing\Repositories\JavaUltimateTools\target\apidocs\com\jgcomptech\tools\OSInfo.Windows.SystemInformation.html...
Generating C:\Programing\Repositories\JavaUltimateTools\target\apidocs\com\jgcomptech\tools\OSInfo.Windows.UserInfo.html...
Generating C:\Programing\Repositories\JavaUltimateTools\target\apidocs\com\jgcomptech\tools\OSInfo.Windows.Version.html...
Generating C:\Programing\Repositories\JavaUltimateTools\target\apidocs\com\jgcomptech\tools\OSInfo.Windows.Version.Type.html...
Generating C:\Programing\Repositories\JavaUltimateTools\target\apidocs\com\jgcomptech\tools\OSInfo.Windows.WMI.html...
Generating C:\Programing\Repositories\JavaUltimateTools\target\apidocs\com\jgcomptech\tools\RegistryInfo.html...
Generating C:\Programing\Repositories\JavaUltimateTools\target\apidocs\com\jgcomptech\tools\RegistryInfo.HKEY.html...
Generating C:\Programing\Repositories\JavaUltimateTools\target\apidocs\com\jgcomptech\tools\SecurityTools.html...
Generating C:\Programing\Repositories\JavaUltimateTools\target\apidocs\com\jgcomptech\tools\SecurityTools.FileHashes.html...
Generating C:\Programing\Repositories\JavaUltimateTools\target\apidocs\com\jgcomptech\tools\SecurityTools.HashType.html...
Generating C:\Programing\Repositories\JavaUltimateTools\target\apidocs\com\jgcomptech\tools\SecurityTools.PasswordHashes.html...
Generating C:\Programing\Repositories\JavaUltimateTools\target\apidocs\com\jgcomptech\tools\SecurityTools.RSAFiles.html...
Generating C:\Programing\Repositories\JavaUltimateTools\target\apidocs\com\jgcomptech\tools\SecurityTools.RSAHashes.html...
Generating C:\Programing\Repositories\JavaUltimateTools\target\apidocs\com\jgcomptech\tools\StringUtils.html...
Generating C:\Programing\Repositories\JavaUltimateTools\target\apidocs\com\jgcomptech\tools\WebTools.html...
Generating C:\Programing\Repositories\JavaUltimateTools\target\apidocs\com\jgcomptech\tools\WebTools.HTML.html...
Generating C:\Programing\Repositories\JavaUltimateTools\target\apidocs\com\jgcomptech\tools\databasetools\jbdc\Database.html...
Generating C:\Programing\Repositories\JavaUltimateTools\target\apidocs\com\jgcomptech\tools\databasetools\jbdc\Database.Connection.html...
Generating C:\Programing\Repositories\JavaUltimateTools\target\apidocs\com\jgcomptech\tools\databasetools\jbdc\Database.Info.html...
Generating C:\Programing\Repositories\JavaUltimateTools\target\apidocs\com\jgcomptech\tools\databasetools\jbdc\Database.Settings.html...
Generating C:\Programing\Repositories\JavaUltimateTools\target\apidocs\com\jgcomptech\tools\databasetools\jbdc\Database.Tasks.html...
Generating C:\Programing\Repositories\JavaUltimateTools\target\apidocs\com\jgcomptech\tools\databasetools\jbdc\Database.Users.html...
Generating C:\Programing\Repositories\JavaUltimateTools\target\apidocs\com\jgcomptech\tools\databasetools\jbdc\DatabaseConnectionInfo.html...
Generating C:\Programing\Repositories\JavaUltimateTools\target\apidocs\com\jgcomptech\tools\databasetools\jbdc\DatabaseType.html...
Generating C:\Programing\Repositories\JavaUltimateTools\target\apidocs\com\jgcomptech\tools\demo\Main.html...
Generating C:\Programing\Repositories\JavaUltimateTools\target\apidocs\com\jgcomptech\tools\dialogs\DialogResult.html...
Generating C:\Programing\Repositories\JavaUltimateTools\target\apidocs\com\jgcomptech\tools\dialogs\FXMLDialogWrapper.html...
Generating C:\Programing\Repositories\JavaUltimateTools\target\apidocs\com\jgcomptech\tools\dialogs\LoginDialog.html...
Generating C:\Programing\Repositories\JavaUltimateTools\target\apidocs\com\jgcomptech\tools\dialogs\MessageBox.html...
Generating C:\Programing\Repositories\JavaUltimateTools\target\apidocs\com\jgcomptech\tools\dialogs\MessageBoxButtons.html...
Generating C:\Programing\Repositories\JavaUltimateTools\target\apidocs\com\jgcomptech\tools\dialogs\MessageBoxButtonType.html...
Generating C:\Programing\Repositories\JavaUltimateTools\target\apidocs\com\jgcomptech\tools\dialogs\MessageBoxDefaultButton.html...
Generating C:\Programing\Repositories\JavaUltimateTools\target\apidocs\com\jgcomptech\tools\dialogs\MessageBoxIcon.html...
Generating C:\Programing\Repositories\JavaUltimateTools\target\apidocs\com\jgcomptech\tools\enums\OSList.html...
Generating C:\Programing\Repositories\JavaUltimateTools\target\apidocs\com\jgcomptech\tools\enums\OSType.html...
Generating C:\Programing\Repositories\JavaUltimateTools\target\apidocs\com\jgcomptech\tools\enums\OtherConsts.html...
Generating C:\Programing\Repositories\JavaUltimateTools\target\apidocs\com\jgcomptech\tools\enums\ProductEdition.html...
Generating C:\Programing\Repositories\JavaUltimateTools\target\apidocs\com\jgcomptech\tools\enums\ProductType.html...
Generating C:\Programing\Repositories\JavaUltimateTools\target\apidocs\com\jgcomptech\tools\enums\VERSuite.html...
Generating C:\Programing\Repositories\JavaUltimateTools\target\apidocs\com\jgcomptech\tools\enums\WMIClasses.html...
Generating C:\Programing\Repositories\JavaUltimateTools\target\apidocs\com\jgcomptech\tools\enums\WMIClasses.COM.html...
Generating C:\Programing\Repositories\JavaUltimateTools\target\apidocs\com\jgcomptech\tools\enums\WMIClasses.File_System.html...
Generating C:\Programing\Repositories\JavaUltimateTools\target\apidocs\com\jgcomptech\tools\enums\WMIClasses.Hardware.html...
Generating C:\Programing\Repositories\JavaUltimateTools\target\apidocs\com\jgcomptech\tools\enums\WMIClasses.Networking.html...
Generating C:\Programing\Repositories\JavaUltimateTools\target\apidocs\com\jgcomptech\tools\enums\WMIClasses.OS.html...
Generating C:\Programing\Repositories\JavaUltimateTools\target\apidocs\com\jgcomptech\tools\enums\WMIClasses.Other.html...
Generating C:\Programing\Repositories\JavaUltimateTools\target\apidocs\com\jgcomptech\tools\enums\WMIClasses.Performance_FormattedData.html...
Generating C:\Programing\Repositories\JavaUltimateTools\target\apidocs\com\jgcomptech\tools\enums\WMIClasses.Performance_RawData.html...
Generating C:\Programing\Repositories\JavaUltimateTools\target\apidocs\com\jgcomptech\tools\enums\WMIClasses.Security.html...
Generating C:\Programing\Repositories\JavaUltimateTools\target\apidocs\com\jgcomptech\tools\enums\WMIClasses.Shares.html...
Generating C:\Programing\Repositories\JavaUltimateTools\target\apidocs\com\jgcomptech\tools\enums\WMIClasses.Storage.html...
Generating C:\Programing\Repositories\JavaUltimateTools\target\apidocs\com\jgcomptech\tools\enums\WMIClasses.Unknown.html...
Generating C:\Programing\Repositories\JavaUltimateTools\target\apidocs\com\jgcomptech\tools\enums\WMIClasses.Users.html...
Generating C:\Programing\Repositories\JavaUltimateTools\target\apidocs\com\jgcomptech\tools\permissions\Permission.html...
Generating C:\Programing\Repositories\JavaUltimateTools\target\apidocs\com\jgcomptech\tools\permissions\PermissionManager.html...
Generating C:\Programing\Repositories\JavaUltimateTools\target\apidocs\com\jgcomptech\tools\permissions\PermissionManager.PermissionType.html...
Generating C:\Programing\Repositories\JavaUltimateTools\target\apidocs\overview-frame.html...
Generating C:\Programing\Repositories\JavaUltimateTools\target\apidocs\com\jgcomptech\tools\package-frame.html...
Generating C:\Programing\Repositories\JavaUltimateTools\target\apidocs\com\jgcomptech\tools\package-summary.html...
Generating C:\Programing\Repositories\JavaUltimateTools\target\apidocs\com\jgcomptech\tools\package-tree.html...
Generating C:\Programing\Repositories\JavaUltimateTools\target\apidocs\com\jgcomptech\tools\authenication\package-frame.html...
Generating C:\Programing\Repositories\JavaUltimateTools\target\apidocs\com\jgcomptech\tools\authenication\package-summary.html...
Generating C:\Programing\Repositories\JavaUltimateTools\target\apidocs\com\jgcomptech\tools\authenication\package-tree.html...
Generating C:\Programing\Repositories\JavaUltimateTools\target\apidocs\com\jgcomptech\tools\databasetools\package-frame.html...
Generating C:\Programing\Repositories\JavaUltimateTools\target\apidocs\com\jgcomptech\tools\databasetools\package-summary.html...
Generating C:\Programing\Repositories\JavaUltimateTools\target\apidocs\com\jgcomptech\tools\databasetools\package-tree.html...
Generating C:\Programing\Repositories\JavaUltimateTools\target\apidocs\com\jgcomptech\tools\databasetools\jbdc\package-frame.html...
Generating C:\Programing\Repositories\JavaUltimateTools\target\apidocs\com\jgcomptech\tools\databasetools\jbdc\package-summary.html...
Generating C:\Programing\Repositories\JavaUltimateTools\target\apidocs\com\jgcomptech\tools\databasetools\jbdc\package-tree.html...
Generating C:\Programing\Repositories\JavaUltimateTools\target\apidocs\com\jgcomptech\tools\demo\package-frame.html...
Generating C:\Programing\Repositories\JavaUltimateTools\target\apidocs\com\jgcomptech\tools\demo\package-summary.html...
Generating C:\Programing\Repositories\JavaUltimateTools\target\apidocs\com\jgcomptech\tools\demo\package-tree.html...
Generating C:\Programing\Repositories\JavaUltimateTools\target\apidocs\com\jgcomptech\tools\dialogs\package-frame.html...
Generating C:\Programing\Repositories\JavaUltimateTools\target\apidocs\com\jgcomptech\tools\dialogs\package-summary.html...
Generating C:\Programing\Repositories\JavaUltimateTools\target\apidocs\com\jgcomptech\tools\dialogs\package-tree.html...
Generating C:\Programing\Repositories\JavaUltimateTools\target\apidocs\com\jgcomptech\tools\enums\package-frame.html...
Generating C:\Programing\Repositories\JavaUltimateTools\target\apidocs\com\jgcomptech\tools\enums\package-summary.html...
Generating C:\Programing\Repositories\JavaUltimateTools\target\apidocs\com\jgcomptech\tools\enums\package-tree.html...
Generating C:\Programing\Repositories\JavaUltimateTools\target\apidocs\com\jgcomptech\tools\permissions\package-frame.html...
Generating C:\Programing\Repositories\JavaUltimateTools\target\apidocs\com\jgcomptech\tools\permissions\package-summary.html...
Generating C:\Programing\Repositories\JavaUltimateTools\target\apidocs\com\jgcomptech\tools\permissions\package-tree.html...
Generating C:\Programing\Repositories\JavaUltimateTools\target\apidocs\constant-values.html...
Generating C:\Programing\Repositories\JavaUltimateTools\target\apidocs\serialized-form.html...
Copying file StandardDocFile[file:C:\Programing\Repositories\JavaUltimateTools\src\main\javadoc\stylesheet.css] to file stylesheet.css...
Generating C:\Programing\Repositories\JavaUltimateTools\target\apidocs\com\jgcomptech\tools\authenication\class-use\SessionManager.html...
Generating C:\Programing\Repositories\JavaUltimateTools\target\apidocs\com\jgcomptech\tools\authenication\class-use\SessionManager.UserType.html...
Generating C:\Programing\Repositories\JavaUltimateTools\target\apidocs\com\jgcomptech\tools\authenication\class-use\SessionActivator.html...
Generating C:\Programing\Repositories\JavaUltimateTools\target\apidocs\com\jgcomptech\tools\class-use\WebTools.html...
Generating C:\Programing\Repositories\JavaUltimateTools\target\apidocs\com\jgcomptech\tools\class-use\WebTools.HTML.html...
Generating C:\Programing\Repositories\JavaUltimateTools\target\apidocs\com\jgcomptech\tools\class-use\StringUtils.html...
Generating C:\Programing\Repositories\JavaUltimateTools\target\apidocs\com\jgcomptech\tools\class-use\SecurityTools.html...
Generating C:\Programing\Repositories\JavaUltimateTools\target\apidocs\com\jgcomptech\tools\class-use\SecurityTools.HashType.html...
Generating C:\Programing\Repositories\JavaUltimateTools\target\apidocs\com\jgcomptech\tools\class-use\SecurityTools.FileHashes.html...
Generating C:\Programing\Repositories\JavaUltimateTools\target\apidocs\com\jgcomptech\tools\class-use\SecurityTools.PasswordHashes.html...
Generating C:\Programing\Repositories\JavaUltimateTools\target\apidocs\com\jgcomptech\tools\class-use\SecurityTools.RSAFiles.html...
Generating C:\Programing\Repositories\JavaUltimateTools\target\apidocs\com\jgcomptech\tools\class-use\SecurityTools.RSAHashes.html...
Generating C:\Programing\Repositories\JavaUltimateTools\target\apidocs\com\jgcomptech\tools\class-use\RegistryInfo.html...
Generating C:\Programing\Repositories\JavaUltimateTools\target\apidocs\com\jgcomptech\tools\class-use\RegistryInfo.HKEY.html...
Generating C:\Programing\Repositories\JavaUltimateTools\target\apidocs\com\jgcomptech\tools\class-use\OSInfo.html...
Generating C:\Programing\Repositories\JavaUltimateTools\target\apidocs\com\jgcomptech\tools\class-use\OSInfo.Architecture.html...
Generating C:\Programing\Repositories\JavaUltimateTools\target\apidocs\com\jgcomptech\tools\class-use\OSInfo.CheckIf.html...
Generating C:\Programing\Repositories\JavaUltimateTools\target\apidocs\com\jgcomptech\tools\class-use\OSInfo.Name.html...
Generating C:\Programing\Repositories\JavaUltimateTools\target\apidocs\com\jgcomptech\tools\class-use\OSInfo.Windows.html...
Generating C:\Programing\Repositories\JavaUltimateTools\target\apidocs\com\jgcomptech\tools\class-use\OSInfo.Windows.Activation.html...
Generating C:\Programing\Repositories\JavaUltimateTools\target\apidocs\com\jgcomptech\tools\class-use\OSInfo.Windows.Activation.Status.html...
Generating C:\Programing\Repositories\JavaUltimateTools\target\apidocs\com\jgcomptech\tools\class-use\OSInfo.Windows.CheckIf.html...
Generating C:\Programing\Repositories\JavaUltimateTools\target\apidocs\com\jgcomptech\tools\class-use\OSInfo.Windows.Edition.html...
Generating C:\Programing\Repositories\JavaUltimateTools\target\apidocs\com\jgcomptech\tools\class-use\OSInfo.Windows.Name.html...
Generating C:\Programing\Repositories\JavaUltimateTools\target\apidocs\com\jgcomptech\tools\class-use\OSInfo.Windows.ServicePack.html...
Generating C:\Programing\Repositories\JavaUltimateTools\target\apidocs\com\jgcomptech\tools\class-use\OSInfo.Windows.SystemInformation.html...
Generating C:\Programing\Repositories\JavaUltimateTools\target\apidocs\com\jgcomptech\tools\class-use\OSInfo.Windows.UserInfo.html...
Generating C:\Programing\Repositories\JavaUltimateTools\target\apidocs\com\jgcomptech\tools\class-use\OSInfo.Windows.Version.html...
Generating C:\Programing\Repositories\JavaUltimateTools\target\apidocs\com\jgcomptech\tools\class-use\OSInfo.Windows.Version.Type.html...
Generating C:\Programing\Repositories\JavaUltimateTools\target\apidocs\com\jgcomptech\tools\class-use\OSInfo.Windows.WMI.html...
Generating C:\Programing\Repositories\JavaUltimateTools\target\apidocs\com\jgcomptech\tools\class-use\OSInfo.InstallInfoObject.html...
Generating C:\Programing\Repositories\JavaUltimateTools\target\apidocs\com\jgcomptech\tools\class-use\OSInfo.VersionObject.html...
Generating C:\Programing\Repositories\JavaUltimateTools\target\apidocs\com\jgcomptech\tools\class-use\OSInfo.OSObject.html...
Generating C:\Programing\Repositories\JavaUltimateTools\target\apidocs\com\jgcomptech\tools\class-use\NativeMethods.html...
Generating C:\Programing\Repositories\JavaUltimateTools\target\apidocs\com\jgcomptech\tools\class-use\NativeMethods.Kernel32.html...
Generating C:\Programing\Repositories\JavaUltimateTools\target\apidocs\com\jgcomptech\tools\class-use\NativeMethods.Shell32.html...
Generating C:\Programing\Repositories\JavaUltimateTools\target\apidocs\com\jgcomptech\tools\class-use\NativeMethods.Secur32.html...
Generating C:\Programing\Repositories\JavaUltimateTools\target\apidocs\com\jgcomptech\tools\class-use\Misc.html...
Generating C:\Programing\Repositories\JavaUltimateTools\target\apidocs\com\jgcomptech\tools\class-use\Misc.SecondsConverter.html...
Generating C:\Programing\Repositories\JavaUltimateTools\target\apidocs\com\jgcomptech\tools\class-use\Misc.SecondsConverter.NegativeNumberException.html...
Generating C:\Programing\Repositories\JavaUltimateTools\target\apidocs\com\jgcomptech\tools\class-use\HWInfo.html...
Generating C:\Programing\Repositories\JavaUltimateTools\target\apidocs\com\jgcomptech\tools\class-use\HWInfo.BIOS.html...
Generating C:\Programing\Repositories\JavaUltimateTools\target\apidocs\com\jgcomptech\tools\class-use\HWInfo.Network.html...
Generating C:\Programing\Repositories\JavaUltimateTools\target\apidocs\com\jgcomptech\tools\class-use\HWInfo.OEM.html...
Generating C:\Programing\Repositories\JavaUltimateTools\target\apidocs\com\jgcomptech\tools\class-use\HWInfo.Processor.html...
Generating C:\Programing\Repositories\JavaUltimateTools\target\apidocs\com\jgcomptech\tools\class-use\HWInfo.RAM.html...
Generating C:\Programing\Repositories\JavaUltimateTools\target\apidocs\com\jgcomptech\tools\class-use\HWInfo.Storage.html...
Generating C:\Programing\Repositories\JavaUltimateTools\target\apidocs\com\jgcomptech\tools\class-use\HWInfo.HWObject.html...
Generating C:\Programing\Repositories\JavaUltimateTools\target\apidocs\com\jgcomptech\tools\class-use\HWInfo.BIOSObject.html...
Generating C:\Programing\Repositories\JavaUltimateTools\target\apidocs\com\jgcomptech\tools\class-use\HWInfo.DriveObject.html...
Generating C:\Programing\Repositories\JavaUltimateTools\target\apidocs\com\jgcomptech\tools\class-use\HWInfo.NetworkObject.html...
Generating C:\Programing\Repositories\JavaUltimateTools\target\apidocs\com\jgcomptech\tools\class-use\HWInfo.ProcessorObject.html...
Generating C:\Programing\Repositories\JavaUltimateTools\target\apidocs\com\jgcomptech\tools\class-use\HWInfo.RAMObject.html...
Generating C:\Programing\Repositories\JavaUltimateTools\target\apidocs\com\jgcomptech\tools\class-use\HWInfo.StorageObject.html...
Generating C:\Programing\Repositories\JavaUltimateTools\target\apidocs\com\jgcomptech\tools\class-use\ComputerInfo.html...
Generating C:\Programing\Repositories\JavaUltimateTools\target\apidocs\com\jgcomptech\tools\class-use\CommandInfo.html...
Generating C:\Programing\Repositories\JavaUltimateTools\target\apidocs\com\jgcomptech\tools\class-use\CommandInfo.Output.html...
Generating C:\Programing\Repositories\JavaUltimateTools\target\apidocs\com\jgcomptech\tools\databasetools\jbdc\class-use\DatabaseType.html...
Generating C:\Programing\Repositories\JavaUltimateTools\target\apidocs\com\jgcomptech\tools\databasetools\jbdc\class-use\DatabaseConnectionInfo.html...
Generating C:\Programing\Repositories\JavaUltimateTools\target\apidocs\com\jgcomptech\tools\databasetools\jbdc\class-use\Database.html...
Generating C:\Programing\Repositories\JavaUltimateTools\target\apidocs\com\jgcomptech\tools\databasetools\jbdc\class-use\Database.Connection.html...
Generating C:\Programing\Repositories\JavaUltimateTools\target\apidocs\com\jgcomptech\tools\databasetools\jbdc\class-use\Database.Info.html...
Generating C:\Programing\Repositories\JavaUltimateTools\target\apidocs\com\jgcomptech\tools\databasetools\jbdc\class-use\Database.Tasks.html...
Generating C:\Programing\Repositories\JavaUltimateTools\target\apidocs\com\jgcomptech\tools\databasetools\jbdc\class-use\Database.Users.html...
Generating C:\Programing\Repositories\JavaUltimateTools\target\apidocs\com\jgcomptech\tools\databasetools\jbdc\class-use\Database.Settings.html...
Generating C:\Programing\Repositories\JavaUltimateTools\target\apidocs\com\jgcomptech\tools\demo\class-use\Main.html...
Generating C:\Programing\Repositories\JavaUltimateTools\target\apidocs\com\jgcomptech\tools\dialogs\class-use\MessageBoxIcon.html...
Generating C:\Programing\Repositories\JavaUltimateTools\target\apidocs\com\jgcomptech\tools\dialogs\class-use\MessageBoxDefaultButton.html...
Generating C:\Programing\Repositories\JavaUltimateTools\target\apidocs\com\jgcomptech\tools\dialogs\class-use\MessageBoxButtonType.html...
Generating C:\Programing\Repositories\JavaUltimateTools\target\apidocs\com\jgcomptech\tools\dialogs\class-use\MessageBoxButtons.html...
Generating C:\Programing\Repositories\JavaUltimateTools\target\apidocs\com\jgcomptech\tools\dialogs\class-use\MessageBox.html...
Generating C:\Programing\Repositories\JavaUltimateTools\target\apidocs\com\jgcomptech\tools\dialogs\class-use\LoginDialog.html...
Generating C:\Programing\Repositories\JavaUltimateTools\target\apidocs\com\jgcomptech\tools\dialogs\class-use\FXMLDialogWrapper.html...
Generating C:\Programing\Repositories\JavaUltimateTools\target\apidocs\com\jgcomptech\tools\dialogs\class-use\DialogResult.html...
Generating C:\Programing\Repositories\JavaUltimateTools\target\apidocs\com\jgcomptech\tools\enums\class-use\WMIClasses.html...
Generating C:\Programing\Repositories\JavaUltimateTools\target\apidocs\com\jgcomptech\tools\enums\class-use\WMIClasses.COM.html...
Generating C:\Programing\Repositories\JavaUltimateTools\target\apidocs\com\jgcomptech\tools\enums\class-use\WMIClasses.File_System.html...
Generating C:\Programing\Repositories\JavaUltimateTools\target\apidocs\com\jgcomptech\tools\enums\class-use\WMIClasses.Hardware.html...
Generating C:\Programing\Repositories\JavaUltimateTools\target\apidocs\com\jgcomptech\tools\enums\class-use\WMIClasses.Networking.html...
Generating C:\Programing\Repositories\JavaUltimateTools\target\apidocs\com\jgcomptech\tools\enums\class-use\WMIClasses.OS.html...
Generating C:\Programing\Repositories\JavaUltimateTools\target\apidocs\com\jgcomptech\tools\enums\class-use\WMIClasses.Other.html...
Generating C:\Programing\Repositories\JavaUltimateTools\target\apidocs\com\jgcomptech\tools\enums\class-use\WMIClasses.Performance_FormattedData.html...
Generating C:\Programing\Repositories\JavaUltimateTools\target\apidocs\com\jgcomptech\tools\enums\class-use\WMIClasses.Performance_RawData.html...
Generating C:\Programing\Repositories\JavaUltimateTools\target\apidocs\com\jgcomptech\tools\enums\class-use\WMIClasses.Security.html...
Generating C:\Programing\Repositories\JavaUltimateTools\target\apidocs\com\jgcomptech\tools\enums\class-use\WMIClasses.Shares.html...
Generating C:\Programing\Repositories\JavaUltimateTools\target\apidocs\com\jgcomptech\tools\enums\class-use\WMIClasses.Storage.html...
Generating C:\Programing\Repositories\JavaUltimateTools\target\apidocs\com\jgcomptech\tools\enums\class-use\WMIClasses.Users.html...
Generating C:\Programing\Repositories\JavaUltimateTools\target\apidocs\com\jgcomptech\tools\enums\class-use\WMIClasses.Unknown.html...
Generating C:\Programing\Repositories\JavaUltimateTools\target\apidocs\com\jgcomptech\tools\enums\class-use\VERSuite.html...
Generating C:\Programing\Repositories\JavaUltimateTools\target\apidocs\com\jgcomptech\tools\enums\class-use\ProductType.html...
Generating C:\Programing\Repositories\JavaUltimateTools\target\apidocs\com\jgcomptech\tools\enums\class-use\ProductEdition.html...
Generating C:\Programing\Repositories\JavaUltimateTools\target\apidocs\com\jgcomptech\tools\enums\class-use\OtherConsts.html...
Generating C:\Programing\Repositories\JavaUltimateTools\target\apidocs\com\jgcomptech\tools\enums\class-use\OSType.html...
Generating C:\Programing\Repositories\JavaUltimateTools\target\apidocs\com\jgcomptech\tools\enums\class-use\OSList.html...
Generating C:\Programing\Repositories\JavaUltimateTools\target\apidocs\com\jgcomptech\tools\permissions\class-use\PermissionManager.html...
Generating C:\Programing\Repositories\JavaUltimateTools\target\apidocs\com\jgcomptech\tools\permissions\class-use\PermissionManager.PermissionType.html...
Generating C:\Programing\Repositories\JavaUltimateTools\target\apidocs\com\jgcomptech\tools\permissions\class-use\Permission.html...
Generating C:\Programing\Repositories\JavaUltimateTools\target\apidocs\com\jgcomptech\tools\package-use.html...
Generating C:\Programing\Repositories\JavaUltimateTools\target\apidocs\com\jgcomptech\tools\authenication\package-use.html...
Generating C:\Programing\Repositories\JavaUltimateTools\target\apidocs\com\jgcomptech\tools\databasetools\package-use.html...
Generating C:\Programing\Repositories\JavaUltimateTools\target\apidocs\com\jgcomptech\tools\databasetools\jbdc\package-use.html...
Generating C:\Programing\Repositories\JavaUltimateTools\target\apidocs\com\jgcomptech\tools\demo\package-use.html...
Generating C:\Programing\Repositories\JavaUltimateTools\target\apidocs\com\jgcomptech\tools\dialogs\package-use.html...
Generating C:\Programing\Repositories\JavaUltimateTools\target\apidocs\com\jgcomptech\tools\enums\package-use.html...
Generating C:\Programing\Repositories\JavaUltimateTools\target\apidocs\com\jgcomptech\tools\permissions\package-use.html...
Building index for all the packages and classes...
Generating C:\Programing\Repositories\JavaUltimateTools\target\apidocs\overview-tree.html...
Generating C:\Programing\Repositories\JavaUltimateTools\target\apidocs\index-all.html...
Generating C:\Programing\Repositories\JavaUltimateTools\target\apidocs\deprecated-list.html...
Building index for all classes...
Generating C:\Programing\Repositories\JavaUltimateTools\target\apidocs\allclasses-frame.html...
Generating C:\Programing\Repositories\JavaUltimateTools\target\apidocs\allclasses-noframe.html...
Generating C:\Programing\Repositories\JavaUltimateTools\target\apidocs\index.html...
Generating C:\Programing\Repositories\JavaUltimateTools\target\apidocs\overview-summary.html...
Generating C:\Programing\Repositories\JavaUltimateTools\target\apidocs\help-doc.html...
[INFO] Building jar: C:\Programing\Repositories\JavaUltimateTools\target\java-ultimate-tools-1.3.1-javadoc.jar
[INFO] 
[INFO] --- maven-shade-plugin:3.0.0:shade (default) @ java-ultimate-tools ---
[INFO] Including org.apache.commons:commons-lang3:jar:3.5 in the shaded jar.
[INFO] Including net.java.dev.jna:jna-platform:jar:4.4.0 in the shaded jar.
[INFO] Including net.java.dev.jna:jna:jar:4.4.0 in the shaded jar.
[INFO] Including junit:junit:jar:4.12 in the shaded jar.
[INFO] Including org.hamcrest:hamcrest-core:jar:1.3 in the shaded jar.
[INFO] Including org.xerial:sqlite-jdbc:jar:3.16.1 in the shaded jar.
[INFO] Including com.h2database:h2:jar:1.4.194 in the shaded jar.
[INFO] Including org.apache.commons:commons-dbcp2:jar:2.1.1 in the shaded jar.
[INFO] Including org.apache.commons:commons-pool2:jar:2.4.2 in the shaded jar.
[INFO] Including commons-logging:commons-logging:jar:1.2 in the shaded jar.
[INFO] Including org.apache.maven:maven-model:jar:3.5.0-beta-1 in the shaded jar.
[INFO] Including org.codehaus.plexus:plexus-utils:jar:3.0.24 in the shaded jar.
[INFO] Including org.netbeans.api:org-openide-util-lookup:jar:RELEASE802 in the shaded jar.
[INFO] Replacing original artifact with shaded artifact.
[INFO] Replacing C:\Programing\Repositories\JavaUltimateTools\target\java-ultimate-tools-1.3.1.jar with C:\Programing\Repositories\JavaUltimateTools\target\java-ultimate-tools-1.3.1-shaded.jar
[INFO] Dependency-reduced POM written at: C:\Programing\Repositories\JavaUltimateTools\dependency-reduced-pom.xml
[INFO] 
[INFO] --- maven-gpg-plugin:1.6:sign (sign-artifacts) @ java-ultimate-tools ---
[INFO] ------------------------------------------------------------------------
[INFO] BUILD SUCCESS
[INFO] ------------------------------------------------------------------------
[INFO] Total time: 01:04 min
[INFO] Finished at: 2017-04-12T22:11:25-04:00
[INFO] Final Memory: 42M/236M
[INFO] ------------------------------------------------------------------------
